<?xml version="1.0" encoding="UTF-8"?>
<!-- Generated by org.testng.reporters.JUnitReportReporter -->
<testsuite hostname="DESKTOP-DVKNM19" failures="0" tests="1" name="com.RankingCoach.LogInCreateAccMethods.testAllTheLinks" time="98.403" errors="0" timestamp="18 May 2018 10:57:19 GMT" skipped="0">
  <testcase classname="com.RankingCoach.LogInCreateAccMethods.testAllTheLinks" name="VerifyLinks" time="98.403"/>
</testsuite> <!-- com.RankingCoach.LogInCreateAccMethods.testAllTheLinks -->
