<?xml version="1.0" encoding="UTF-8"?>
<!-- Generated by org.testng.reporters.JUnitReportReporter -->
<testsuite hostname="DESKTOP-DVKNM19" failures="0" tests="1" name="RankingCoach.LoginTest" time="21.285" errors="0" timestamp="12 Mar 2018 11:15:16 GMT" skipped="0">
  <testcase classname="RankingCoach.LoginTest" name="VerifyErrors1" time="21.285"/>
</testsuite> <!-- RankingCoach.LoginTest -->
