<?xml version="1.0" encoding="UTF-8"?>
<!-- Generated by org.testng.reporters.JUnitReportReporter -->
<testsuite hostname="DESKTOP-DVKNM19" failures="0" tests="1" name="RankingCoach.scroll_test" time="32.574" errors="0" timestamp="04 Apr 2018 12:18:03 GMT" skipped="0">
  <testcase classname="RankingCoach.scroll_test" name="scrollElement" time="32.574"/>
</testsuite> <!-- RankingCoach.scroll_test -->
