<?xml version="1.0" encoding="UTF-8"?>
<!-- Generated by org.testng.reporters.JUnitReportReporter -->
<testsuite hostname="DESKTOP-DVKNM19" failures="0" tests="1" name="RankingCoach.domain_name" time="31.414" errors="0" timestamp="03 May 2018 10:29:03 GMT" skipped="0">
  <testcase classname="RankingCoach.domain_name" name="validExecutions" time="31.414"/>
</testsuite> <!-- RankingCoach.domain_name -->
